Determining if the pthread_create exist failed with the following output:
Change Dir: /home/agx/cvbridge_build_ws/build/ecobot/CMakeFiles/CMakeTmp

Run Build Command:"/usr/bin/make" "cmTC_1fc0b/fast"
/usr/bin/make -f CMakeFiles/cmTC_1fc0b.dir/build.make CMakeFiles/cmTC_1fc0b.dir/build
make[1]: Entering directory '/home/agx/cvbridge_build_ws/build/ecobot/CMakeFiles/CMakeTmp'
Building C object CMakeFiles/cmTC_1fc0b.dir/CheckSymbolExists.c.o
/usr/bin/cc    -o CMakeFiles/cmTC_1fc0b.dir/CheckSymbolExists.c.o   -c /home/agx/cvbridge_build_ws/build/ecobot/CMakeFiles/CMakeTmp/CheckSymbolExists.c
Linking C executable cmTC_1fc0b
/usr/bin/cmake -E cmake_link_script CMakeFiles/cmTC_1fc0b.dir/link.txt --verbose=1
/usr/bin/cc      -rdynamic CMakeFiles/cmTC_1fc0b.dir/CheckSymbolExists.c.o  -o cmTC_1fc0b 
CMakeFiles/cmTC_1fc0b.dir/CheckSymbolExists.c.o: In function `main':
CheckSymbolExists.c:(.text+0x14): undefined reference to `pthread_create'
CheckSymbolExists.c:(.text+0x18): undefined reference to `pthread_create'
collect2: error: ld returned 1 exit status
CMakeFiles/cmTC_1fc0b.dir/build.make:97: recipe for target 'cmTC_1fc0b' failed
make[1]: *** [cmTC_1fc0b] Error 1
make[1]: Leaving directory '/home/agx/cvbridge_build_ws/build/ecobot/CMakeFiles/CMakeTmp'
Makefile:126: recipe for target 'cmTC_1fc0b/fast' failed
make: *** [cmTC_1fc0b/fast] Error 2

File /home/agx/cvbridge_build_ws/build/ecobot/CMakeFiles/CMakeTmp/CheckSymbolExists.c:
/* */
#include <pthread.h>

int main(int argc, char** argv)
{
  (void)argv;
#ifndef pthread_create
  return ((int*)(&pthread_create))[argc];
#else
  (void)argc;
  return 0;
#endif
}

Determining if the function pthread_create exists in the pthreads failed with the following output:
Change Dir: /home/agx/cvbridge_build_ws/build/ecobot/CMakeFiles/CMakeTmp

Run Build Command:"/usr/bin/make" "cmTC_49b6c/fast"
/usr/bin/make -f CMakeFiles/cmTC_49b6c.dir/build.make CMakeFiles/cmTC_49b6c.dir/build
make[1]: Entering directory '/home/agx/cvbridge_build_ws/build/ecobot/CMakeFiles/CMakeTmp'
Building C object CMakeFiles/cmTC_49b6c.dir/CheckFunctionExists.c.o
/usr/bin/cc   -DCHECK_FUNCTION_EXISTS=pthread_create   -o CMakeFiles/cmTC_49b6c.dir/CheckFunctionExists.c.o   -c /usr/share/cmake-3.10/Modules/CheckFunctionExists.c
Linking C executable cmTC_49b6c
/usr/bin/cmake -E cmake_link_script CMakeFiles/cmTC_49b6c.dir/link.txt --verbose=1
/usr/bin/cc  -DCHECK_FUNCTION_EXISTS=pthread_create    -rdynamic CMakeFiles/cmTC_49b6c.dir/CheckFunctionExists.c.o  -o cmTC_49b6c -lpthreads 
/usr/bin/ld: cannot find -lpthreads
collect2: error: ld returned 1 exit status
CMakeFiles/cmTC_49b6c.dir/build.make:97: recipe for target 'cmTC_49b6c' failed
make[1]: *** [cmTC_49b6c] Error 1
make[1]: Leaving directory '/home/agx/cvbridge_build_ws/build/ecobot/CMakeFiles/CMakeTmp'
Makefile:126: recipe for target 'cmTC_49b6c/fast' failed
make: *** [cmTC_49b6c/fast] Error 2


