[36m--[0m Using CATKIN_DEVEL_PREFIX: /home/agx/cvbridge_build_ws/devel/.private/cv_bridge
[36m--[0m Using CMAKE_PREFIX_PATH: /home/agx/cvbridge_build_ws/install;/home/agx/vb_ws/devel;/opt/ros/melodic;/home/agx/cvbridge_build_ws/devel
[36m--[0m This workspace overlays: /home/agx/cvbridge_build_ws/install;/home/agx/vb_ws/devel;/opt/ros/melodic
[36m--[0m Found PythonInterp: /usr/bin/python3 (found suitable version "3.6.9", minimum required is "2")
[36m--[0m Using PYTHON_EXECUTABLE: /usr/bin/python3
[36m--[0m Using Debian Python package layout
[36m--[0m Using empy: /usr/bin/empy
[36m--[0m Using CATKIN_ENABLE_TESTING: ON
[36m--[0m Call enable_testing()
[36m--[0m Using CATKIN_TEST_RESULTS_DIR: /home/agx/cvbridge_build_ws/build/cv_bridge/test_results
[36m--[0m Found gtest sources under '/usr/src/googletest': gtests will be built
[36m--[0m Found gmock sources under '/usr/src/googletest': gmock will be built
[36m--[0m Found PythonInterp: /usr/bin/python3 (found version "3.6.9")
[36m--[0m Using Python nosetests: /usr/bin/nosetests
[36m--[0m catkin 0.7.29
[36m--[0m BUILD_SHARED_LIBS is on
[36m--[0m Found PythonLibs: /usr/lib/aarch64-linux-gnu/libpython3.6m.so (found version "3.6.9")
[33m[1mCMake Warning[0m at /usr/share/cmake-3.10/Modules/FindBoost.cmake:1626 (message):
  No header defined for python37; skipping header check
[36mCall Stack (most recent call first):[0m
  CMakeLists.txt:11 (find_package)


[31m[1mCMake Error[0m at /usr/share/cmake-3.10/Modules/FindBoost.cmake:1947 (message):
  Unable to find the requested Boost libraries.

  Boost version: 1.65.1

  Boost include path: /usr/include

  Could not find the following Boost libraries:

          boost_python37

  No Boost libraries were found.  You may need to set BOOST_LIBRARYDIR to the
  directory containing Boost libraries or BOOST_ROOT to the location of
  Boost.
[36mCall Stack (most recent call first):[0m
  CMakeLists.txt:11 (find_package)


[36m--[0m Found PythonLibs: /usr/lib/aarch64-linux-gnu/libpython3.6m.so (found suitable version "3.6.9", minimum required is "3.6")
[36m--[0m Configuring incomplete, errors occurred!
See also "/home/agx/cvbridge_build_ws/build/cv_bridge/CMakeFiles/CMakeOutput.log".
See also "/home/agx/cvbridge_build_ws/build/cv_bridge/CMakeFiles/CMakeError.log".
Makefile:782: recipe for target 'cmake_check_build_system' failed
make: *** [cmake_check_build_system] Error 1
