Determining if the pthread_create exist failed with the following output:
Change Dir: /home/agx/cvbridge_build_ws/build/vision_opencv/CMakeFiles/CMakeTmp

Run Build Command:"/usr/bin/make" "cmTC_88d96/fast"
/usr/bin/make -f CMakeFiles/cmTC_88d96.dir/build.make CMakeFiles/cmTC_88d96.dir/build
make[1]: Entering directory '/home/agx/cvbridge_build_ws/build/vision_opencv/CMakeFiles/CMakeTmp'
Building C object CMakeFiles/cmTC_88d96.dir/CheckSymbolExists.c.o
/usr/bin/cc    -o CMakeFiles/cmTC_88d96.dir/CheckSymbolExists.c.o   -c /home/agx/cvbridge_build_ws/build/vision_opencv/CMakeFiles/CMakeTmp/CheckSymbolExists.c
Linking C executable cmTC_88d96
/usr/bin/cmake -E cmake_link_script CMakeFiles/cmTC_88d96.dir/link.txt --verbose=1
/usr/bin/cc      -rdynamic CMakeFiles/cmTC_88d96.dir/CheckSymbolExists.c.o  -o cmTC_88d96 
CMakeFiles/cmTC_88d96.dir/CheckSymbolExists.c.o: In function `main':
CheckSymbolExists.c:(.text+0x14): undefined reference to `pthread_create'
CheckSymbolExists.c:(.text+0x18): undefined reference to `pthread_create'
collect2: error: ld returned 1 exit status
CMakeFiles/cmTC_88d96.dir/build.make:97: recipe for target 'cmTC_88d96' failed
make[1]: *** [cmTC_88d96] Error 1
make[1]: Leaving directory '/home/agx/cvbridge_build_ws/build/vision_opencv/CMakeFiles/CMakeTmp'
Makefile:126: recipe for target 'cmTC_88d96/fast' failed
make: *** [cmTC_88d96/fast] Error 2

File /home/agx/cvbridge_build_ws/build/vision_opencv/CMakeFiles/CMakeTmp/CheckSymbolExists.c:
/* */
#include <pthread.h>

int main(int argc, char** argv)
{
  (void)argv;
#ifndef pthread_create
  return ((int*)(&pthread_create))[argc];
#else
  (void)argc;
  return 0;
#endif
}

Determining if the function pthread_create exists in the pthreads failed with the following output:
Change Dir: /home/agx/cvbridge_build_ws/build/vision_opencv/CMakeFiles/CMakeTmp

Run Build Command:"/usr/bin/make" "cmTC_ec9de/fast"
/usr/bin/make -f CMakeFiles/cmTC_ec9de.dir/build.make CMakeFiles/cmTC_ec9de.dir/build
make[1]: Entering directory '/home/agx/cvbridge_build_ws/build/vision_opencv/CMakeFiles/CMakeTmp'
Building C object CMakeFiles/cmTC_ec9de.dir/CheckFunctionExists.c.o
/usr/bin/cc   -DCHECK_FUNCTION_EXISTS=pthread_create   -o CMakeFiles/cmTC_ec9de.dir/CheckFunctionExists.c.o   -c /usr/share/cmake-3.10/Modules/CheckFunctionExists.c
Linking C executable cmTC_ec9de
/usr/bin/cmake -E cmake_link_script CMakeFiles/cmTC_ec9de.dir/link.txt --verbose=1
/usr/bin/cc  -DCHECK_FUNCTION_EXISTS=pthread_create    -rdynamic CMakeFiles/cmTC_ec9de.dir/CheckFunctionExists.c.o  -o cmTC_ec9de -lpthreads 
/usr/bin/ld: cannot find -lpthreads
collect2: error: ld returned 1 exit status
CMakeFiles/cmTC_ec9de.dir/build.make:97: recipe for target 'cmTC_ec9de' failed
make[1]: *** [cmTC_ec9de] Error 1
make[1]: Leaving directory '/home/agx/cvbridge_build_ws/build/vision_opencv/CMakeFiles/CMakeTmp'
Makefile:126: recipe for target 'cmTC_ec9de/fast' failed
make: *** [cmTC_ec9de/fast] Error 2


